
prog3:     file format elf64-x86-64


Disassembly of section .init:

0000000000401000 <_init>:
  401000:	48 83 ec 08          	sub    $0x8,%rsp
  401004:	48 8b 05 ed 2f 00 00 	mov    0x2fed(%rip),%rax        # 403ff8 <__gmon_start__>
  40100b:	48 85 c0             	test   %rax,%rax
  40100e:	74 05                	je     401015 <_init+0x15>
  401010:	e8 3b 00 00 00       	callq  401050 <__gmon_start__@plt>
  401015:	48 83 c4 08          	add    $0x8,%rsp
  401019:	c3                   	retq   

Disassembly of section .plt:

0000000000401020 <.plt>:
  401020:	ff 35 e2 2f 00 00    	pushq  0x2fe2(%rip)        # 404008 <_GLOBAL_OFFSET_TABLE_+0x8>
  401026:	ff 25 e4 2f 00 00    	jmpq   *0x2fe4(%rip)        # 404010 <_GLOBAL_OFFSET_TABLE_+0x10>
  40102c:	0f 1f 40 00          	nopl   0x0(%rax)

0000000000401030 <puts@plt>:
  401030:	ff 25 e2 2f 00 00    	jmpq   *0x2fe2(%rip)        # 404018 <puts@GLIBC_2.2.5>
  401036:	68 00 00 00 00       	pushq  $0x0
  40103b:	e9 e0 ff ff ff       	jmpq   401020 <.plt>

0000000000401040 <__libc_start_main@plt>:
  401040:	ff 25 da 2f 00 00    	jmpq   *0x2fda(%rip)        # 404020 <__libc_start_main@GLIBC_2.2.5>
  401046:	68 01 00 00 00       	pushq  $0x1
  40104b:	e9 d0 ff ff ff       	jmpq   401020 <.plt>

0000000000401050 <__gmon_start__@plt>:
  401050:	ff 25 d2 2f 00 00    	jmpq   *0x2fd2(%rip)        # 404028 <__gmon_start__>
  401056:	68 02 00 00 00       	pushq  $0x2
  40105b:	e9 c0 ff ff ff       	jmpq   401020 <.plt>

0000000000401060 <__cxa_atexit@plt>:
  401060:	ff 25 ca 2f 00 00    	jmpq   *0x2fca(%rip)        # 404030 <__cxa_atexit@GLIBC_2.2.5>
  401066:	68 03 00 00 00       	pushq  $0x3
  40106b:	e9 b0 ff ff ff       	jmpq   401020 <.plt>

Disassembly of section .text:

0000000000401070 <_start>:
  401070:	31 ed                	xor    %ebp,%ebp
  401072:	49 89 d1             	mov    %rdx,%r9
  401075:	5e                   	pop    %rsi
  401076:	48 89 e2             	mov    %rsp,%rdx
  401079:	48 83 e4 f0          	and    $0xfffffffffffffff0,%rsp
  40107d:	50                   	push   %rax
  40107e:	54                   	push   %rsp
  40107f:	49 c7 c0 70 12 40 00 	mov    $0x401270,%r8
  401086:	48 c7 c1 00 12 40 00 	mov    $0x401200,%rcx
  40108d:	48 c7 c7 d7 11 40 00 	mov    $0x4011d7,%rdi
  401094:	e8 a7 ff ff ff       	callq  401040 <__libc_start_main@plt>
  401099:	f4                   	hlt    
  40109a:	66 0f 1f 44 00 00    	nopw   0x0(%rax,%rax,1)

00000000004010a0 <deregister_tm_clones>:
  4010a0:	b8 40 40 40 00       	mov    $0x404040,%eax
  4010a5:	48 3d 40 40 40 00    	cmp    $0x404040,%rax
  4010ab:	74 13                	je     4010c0 <deregister_tm_clones+0x20>
  4010ad:	b8 00 00 00 00       	mov    $0x0,%eax
  4010b2:	48 85 c0             	test   %rax,%rax
  4010b5:	74 09                	je     4010c0 <deregister_tm_clones+0x20>
  4010b7:	bf 40 40 40 00       	mov    $0x404040,%edi
  4010bc:	ff e0                	jmpq   *%rax
  4010be:	66 90                	xchg   %ax,%ax
  4010c0:	c3                   	retq   
  4010c1:	66 66 2e 0f 1f 84 00 	data16 nopw %cs:0x0(%rax,%rax,1)
  4010c8:	00 00 00 00 
  4010cc:	0f 1f 40 00          	nopl   0x0(%rax)

00000000004010d0 <register_tm_clones>:
  4010d0:	be 40 40 40 00       	mov    $0x404040,%esi
  4010d5:	48 81 ee 40 40 40 00 	sub    $0x404040,%rsi
  4010dc:	48 89 f0             	mov    %rsi,%rax
  4010df:	48 c1 ee 3f          	shr    $0x3f,%rsi
  4010e3:	48 c1 f8 03          	sar    $0x3,%rax
  4010e7:	48 01 c6             	add    %rax,%rsi
  4010ea:	48 d1 fe             	sar    %rsi
  4010ed:	74 11                	je     401100 <register_tm_clones+0x30>
  4010ef:	b8 00 00 00 00       	mov    $0x0,%eax
  4010f4:	48 85 c0             	test   %rax,%rax
  4010f7:	74 07                	je     401100 <register_tm_clones+0x30>
  4010f9:	bf 40 40 40 00       	mov    $0x404040,%edi
  4010fe:	ff e0                	jmpq   *%rax
  401100:	c3                   	retq   
  401101:	66 66 2e 0f 1f 84 00 	data16 nopw %cs:0x0(%rax,%rax,1)
  401108:	00 00 00 00 
  40110c:	0f 1f 40 00          	nopl   0x0(%rax)

0000000000401110 <__do_global_dtors_aux>:
  401110:	80 3d 25 2f 00 00 00 	cmpb   $0x0,0x2f25(%rip)        # 40403c <_edata>
  401117:	75 17                	jne    401130 <__do_global_dtors_aux+0x20>
  401119:	55                   	push   %rbp
  40111a:	48 89 e5             	mov    %rsp,%rbp
  40111d:	e8 7e ff ff ff       	callq  4010a0 <deregister_tm_clones>
  401122:	c6 05 13 2f 00 00 01 	movb   $0x1,0x2f13(%rip)        # 40403c <_edata>
  401129:	5d                   	pop    %rbp
  40112a:	c3                   	retq   
  40112b:	0f 1f 44 00 00       	nopl   0x0(%rax,%rax,1)
  401130:	c3                   	retq   
  401131:	66 66 2e 0f 1f 84 00 	data16 nopw %cs:0x0(%rax,%rax,1)
  401138:	00 00 00 00 
  40113c:	0f 1f 40 00          	nopl   0x0(%rax)

0000000000401140 <frame_dummy>:
  401140:	eb 8e                	jmp    4010d0 <register_tm_clones>

0000000000401142 <preinit>:
#include <stdio.h>
#include <stdlib.h>

void preinit(int argc, char **argv, char **envp) {
  401142:	55                   	push   %rbp
  401143:	48 89 e5             	mov    %rsp,%rbp
  401146:	48 83 ec 20          	sub    $0x20,%rsp
  40114a:	89 7d fc             	mov    %edi,-0x4(%rbp)
  40114d:	48 89 75 f0          	mov    %rsi,-0x10(%rbp)
  401151:	48 89 55 e8          	mov    %rdx,-0x18(%rbp)
 printf("%s\n", __FUNCTION__);
  401155:	bf 10 20 40 00       	mov    $0x402010,%edi
  40115a:	e8 d1 fe ff ff       	callq  401030 <puts@plt>
}
  40115f:	90                   	nop
  401160:	c9                   	leaveq 
  401161:	c3                   	retq   

0000000000401162 <init>:

void init(int argc, char **argv, char **envp) {
  401162:	55                   	push   %rbp
  401163:	48 89 e5             	mov    %rsp,%rbp
  401166:	48 83 ec 20          	sub    $0x20,%rsp
  40116a:	89 7d fc             	mov    %edi,-0x4(%rbp)
  40116d:	48 89 75 f0          	mov    %rsi,-0x10(%rbp)
  401171:	48 89 55 e8          	mov    %rdx,-0x18(%rbp)
 printf("%s\n", __FUNCTION__);
  401175:	bf 18 20 40 00       	mov    $0x402018,%edi
  40117a:	e8 b1 fe ff ff       	callq  401030 <puts@plt>
}
  40117f:	90                   	nop
  401180:	c9                   	leaveq 
  401181:	c3                   	retq   

0000000000401182 <fini>:

void fini() {
  401182:	55                   	push   %rbp
  401183:	48 89 e5             	mov    %rsp,%rbp
 printf("%s\n", __FUNCTION__);
  401186:	bf 1d 20 40 00       	mov    $0x40201d,%edi
  40118b:	e8 a0 fe ff ff       	callq  401030 <puts@plt>
}
  401190:	90                   	nop
  401191:	5d                   	pop    %rbp
  401192:	c3                   	retq   

0000000000401193 <constructor>:

__attribute__((section(".init_array"))) typeof(init) *__init = init;
__attribute__((section(".preinit_array"))) typeof(preinit) *__preinit = preinit;
__attribute__((section(".fini_array"))) typeof(fini) *__fini = fini;

void  __attribute__ ((constructor)) constructor() {
  401193:	55                   	push   %rbp
  401194:	48 89 e5             	mov    %rsp,%rbp
 printf("%s\n", __FUNCTION__);
  401197:	bf 28 20 40 00       	mov    $0x402028,%edi
  40119c:	e8 8f fe ff ff       	callq  401030 <puts@plt>
}
  4011a1:	90                   	nop
  4011a2:	5d                   	pop    %rbp
  4011a3:	c3                   	retq   

00000000004011a4 <destructor>:

void __attribute__ ((destructor)) destructor() {
  4011a4:	55                   	push   %rbp
  4011a5:	48 89 e5             	mov    %rsp,%rbp
 printf("%s\n", __FUNCTION__);
  4011a8:	bf 38 20 40 00       	mov    $0x402038,%edi
  4011ad:	e8 7e fe ff ff       	callq  401030 <puts@plt>
}
  4011b2:	90                   	nop
  4011b3:	5d                   	pop    %rbp
  4011b4:	c3                   	retq   

00000000004011b5 <my_atexit>:

void my_atexit() {
  4011b5:	55                   	push   %rbp
  4011b6:	48 89 e5             	mov    %rsp,%rbp
 printf("%s\n", __FUNCTION__);
  4011b9:	bf 48 20 40 00       	mov    $0x402048,%edi
  4011be:	e8 6d fe ff ff       	callq  401030 <puts@plt>
}
  4011c3:	90                   	nop
  4011c4:	5d                   	pop    %rbp
  4011c5:	c3                   	retq   

00000000004011c6 <my_atexit2>:

void my_atexit2() {
  4011c6:	55                   	push   %rbp
  4011c7:	48 89 e5             	mov    %rsp,%rbp
 printf("%s\n", __FUNCTION__);
  4011ca:	bf 58 20 40 00       	mov    $0x402058,%edi
  4011cf:	e8 5c fe ff ff       	callq  401030 <puts@plt>
}
  4011d4:	90                   	nop
  4011d5:	5d                   	pop    %rbp
  4011d6:	c3                   	retq   

00000000004011d7 <main>:

int main() {
  4011d7:	55                   	push   %rbp
  4011d8:	48 89 e5             	mov    %rsp,%rbp
 atexit(my_atexit);
  4011db:	bf b5 11 40 00       	mov    $0x4011b5,%edi
  4011e0:	e8 9b 00 00 00       	callq  401280 <atexit>
 atexit(my_atexit2);
  4011e5:	bf c6 11 40 00       	mov    $0x4011c6,%edi
  4011ea:	e8 91 00 00 00       	callq  401280 <atexit>
  4011ef:	b8 00 00 00 00       	mov    $0x0,%eax
  4011f4:	5d                   	pop    %rbp
  4011f5:	c3                   	retq   
  4011f6:	66 2e 0f 1f 84 00 00 	nopw   %cs:0x0(%rax,%rax,1)
  4011fd:	00 00 00 

0000000000401200 <__libc_csu_init>:
  401200:	41 57                	push   %r15
  401202:	41 89 ff             	mov    %edi,%r15d
  401205:	41 56                	push   %r14
  401207:	49 89 f6             	mov    %rsi,%r14
  40120a:	41 55                	push   %r13
  40120c:	49 89 d5             	mov    %rdx,%r13
  40120f:	41 54                	push   %r12
  401211:	4c 8d 25 c0 2b 00 00 	lea    0x2bc0(%rip),%r12        # 403dd8 <__frame_dummy_init_array_entry>
  401218:	55                   	push   %rbp
  401219:	48 8d 2d d0 2b 00 00 	lea    0x2bd0(%rip),%rbp        # 403df0 <__init_array_end>
  401220:	53                   	push   %rbx
  401221:	4c 29 e5             	sub    %r12,%rbp
  401224:	31 db                	xor    %ebx,%ebx
  401226:	48 c1 fd 03          	sar    $0x3,%rbp
  40122a:	48 83 ec 08          	sub    $0x8,%rsp
  40122e:	e8 cd fd ff ff       	callq  401000 <_init>
  401233:	48 85 ed             	test   %rbp,%rbp
  401236:	74 1e                	je     401256 <__libc_csu_init+0x56>
  401238:	0f 1f 84 00 00 00 00 	nopl   0x0(%rax,%rax,1)
  40123f:	00 
  401240:	4c 89 ea             	mov    %r13,%rdx
  401243:	4c 89 f6             	mov    %r14,%rsi
  401246:	44 89 ff             	mov    %r15d,%edi
  401249:	41 ff 14 dc          	callq  *(%r12,%rbx,8)
  40124d:	48 83 c3 01          	add    $0x1,%rbx
  401251:	48 39 eb             	cmp    %rbp,%rbx
  401254:	75 ea                	jne    401240 <__libc_csu_init+0x40>
  401256:	48 83 c4 08          	add    $0x8,%rsp
  40125a:	5b                   	pop    %rbx
  40125b:	5d                   	pop    %rbp
  40125c:	41 5c                	pop    %r12
  40125e:	41 5d                	pop    %r13
  401260:	41 5e                	pop    %r14
  401262:	41 5f                	pop    %r15
  401264:	c3                   	retq   
  401265:	90                   	nop
  401266:	66 2e 0f 1f 84 00 00 	nopw   %cs:0x0(%rax,%rax,1)
  40126d:	00 00 00 

0000000000401270 <__libc_csu_fini>:
  401270:	f3 c3                	repz retq 
  401272:	66 2e 0f 1f 84 00 00 	nopw   %cs:0x0(%rax,%rax,1)
  401279:	00 00 00 
  40127c:	0f 1f 40 00          	nopl   0x0(%rax)

0000000000401280 <atexit>:
  401280:	48 8d 05 81 0d 00 00 	lea    0xd81(%rip),%rax        # 402008 <__dso_handle>
  401287:	48 85 c0             	test   %rax,%rax
  40128a:	74 0a                	je     401296 <atexit+0x16>
  40128c:	48 8b 10             	mov    (%rax),%rdx
  40128f:	31 f6                	xor    %esi,%esi
  401291:	e9 ca fd ff ff       	jmpq   401060 <__cxa_atexit@plt>
  401296:	31 d2                	xor    %edx,%edx
  401298:	eb f5                	jmp    40128f <atexit+0xf>

Disassembly of section .fini:

000000000040129c <_fini>:
  40129c:	48 83 ec 08          	sub    $0x8,%rsp
  4012a0:	48 83 c4 08          	add    $0x8,%rsp
  4012a4:	c3                   	retq   
